{
  "stats": {
    "suites": 1,
    "tests": 3,
    "passes": 3,
    "pending": 0,
    "failures": 0,
    "start": "2020-10-20T19:14:19.850Z",
    "end": "2020-10-20T19:14:24.535Z",
    "duration": 4685,
    "testsRegistered": 3,
    "passPercent": 100,
    "pendingPercent": 0,
    "other": 0,
    "hasOther": false,
    "skipped": 0,
    "hasSkipped": false
  },
  "results": [
    {
      "uuid": "aa0b577a-d6c6-4cfd-94a3-db9ca60ee9ef",
      "title": "",
      "fullFile": "cypress/integration/examples/SamplePocTestBasic_spec.js",
      "file": "cypress/integration/examples/SamplePocTestBasic_spec.js",
      "beforeHooks": [],
      "afterHooks": [],
      "tests": [],
      "suites": [
        {
          "uuid": "4aa2c997-54d7-4c8f-9408-d1a00d54c1ec",
          "title": "Verify User is able submit Need Authorization request",
          "fullFile": "",
          "file": "",
          "beforeHooks": [],
          "afterHooks": [],
          "tests": [
            {
              "title": "Verify Login Test ",
              "fullTitle": "Verify User is able submit Need Authorization request Verify Login Test ",
              "timedOut": null,
              "duration": 1424,
              "state": "passed",
              "speed": "slow",
              "pass": true,
              "fail": false,
              "pending": false,
              "context": null,
              "code": "cy.visit('https://www.saucedemo.com/');\ncy.get('#user-name').type('standard_user');\ncy.get('#password').type('secret_sauce');\ncy.get('#login-button').click(); // cy.get('#item_5_title_link > div').click() //also you can use class name and index name",
              "err": {},
              "uuid": "790678a3-1a3b-4653-a8eb-d103c3dd3251",
              "parentUUID": "4aa2c997-54d7-4c8f-9408-d1a00d54c1ec",
              "isHook": false,
              "skipped": false
            },
            {
              "title": "Verify Login Test ",
              "fullTitle": "Verify User is able submit Need Authorization request Verify Login Test ",
              "timedOut": null,
              "duration": 745,
              "state": "passed",
              "speed": "slow",
              "pass": true,
              "fail": false,
              "pending": false,
              "context": null,
              "code": "cy.visit('https://www.saucedemo.com/');\ncy.get('#user-name').type('standard_user');\ncy.get('#password').type('secret_sauce');\ncy.get('#login-button').click(); // cy.get('#item_5_title_link > div').click() //also you can use class name and index name",
              "err": {},
              "uuid": "b2c38db6-b787-4a0d-a677-14a67fa4271f",
              "parentUUID": "4aa2c997-54d7-4c8f-9408-d1a00d54c1ec",
              "isHook": false,
              "skipped": false
            },
            {
              "title": "Verify Dropdown",
              "fullTitle": "Verify User is able submit Need Authorization request Verify Dropdown",
              "timedOut": null,
              "duration": 612,
              "state": "passed",
              "speed": "slow",
              "pass": true,
              "fail": false,
              "pending": false,
              "context": null,
              "code": "cy.visit('https://the-internet.herokuapp.com/dropdown');\ncy.get('#dropdown').select('Option 2');",
              "err": {},
              "uuid": "9ea0933b-695d-4e51-9339-37bb20948195",
              "parentUUID": "4aa2c997-54d7-4c8f-9408-d1a00d54c1ec",
              "isHook": false,
              "skipped": false
            }
          ],
          "suites": [],
          "passes": [
            "790678a3-1a3b-4653-a8eb-d103c3dd3251",
            "b2c38db6-b787-4a0d-a677-14a67fa4271f",
            "9ea0933b-695d-4e51-9339-37bb20948195"
          ],
          "failures": [],
          "pending": [],
          "skipped": [],
          "duration": 2781,
          "root": false,
          "rootEmpty": false,
          "_timeout": 2000
        }
      ],
      "passes": [],
      "failures": [],
      "pending": [],
      "skipped": [],
      "duration": 0,
      "root": true,
      "rootEmpty": true,
      "_timeout": 2000
    }
  ],
  "meta": {
    "mocha": {
      "version": "7.0.1"
    },
    "mochawesome": {
      "options": {
        "quiet": false,
        "reportFilename": "mochawesome",
        "saveHtml": true,
        "saveJson": true,
        "consoleReporter": "spec",
        "useInlineDiffs": false,
        "code": true
      },
      "version": "6.1.1"
    },
    "marge": {
      "options": {
        "reportDir": "cypress/report/mochaawesome-report",
        "overwrite": true,
        "html": true,
        "json": true,
        "timestamp": "mmddyyyy_HHMMss",
        "CYPRESS_CACHE_FOLDER": "~/.cache/Cypress"
      },
      "version": "5.1.0"
    }
  }
}