{
  "stats": {
    "suites": 1,
    "tests": 2,
    "passes": 2,
    "pending": 0,
    "failures": 0,
    "start": "2020-10-14T23:03:10.827Z",
    "end": "2020-10-14T23:03:13.334Z",
    "duration": 2507,
    "testsRegistered": 2,
    "passPercent": 100,
    "pendingPercent": 0,
    "other": 0,
    "hasOther": false,
    "skipped": 0,
    "hasSkipped": false
  },
  "results": [
    {
      "uuid": "fbd92eee-79f0-431e-bcb4-149a763dc800",
      "title": "",
      "fullFile": "cypress/integration/examples/alert.js",
      "file": "cypress/integration/examples/alert.js",
      "beforeHooks": [],
      "afterHooks": [],
      "tests": [],
      "suites": [
        {
          "uuid": "e0a7c480-be40-4307-9ac0-9555c139902f",
          "title": "handling alerts",
          "fullFile": "",
          "file": "",
          "beforeHooks": [],
          "afterHooks": [],
          "tests": [
            {
              "title": "Alert Type",
              "fullTitle": "handling alerts Alert Type",
              "timedOut": null,
              "duration": 946,
              "state": "passed",
              "speed": "slow",
              "pass": true,
              "fail": false,
              "pending": false,
              "context": null,
              "code": "cy.on('windows:alert', function (alertText) {\n  expect(alertText).eq('I am a JS Alert');\n});\ncy.contains('Click for JS Alert').click();",
              "err": {},
              "uuid": "8936388c-9fa6-4569-9dfd-893b505080d5",
              "parentUUID": "e0a7c480-be40-4307-9ac0-9555c139902f",
              "isHook": false,
              "skipped": false
            },
            {
              "title": "Confirm Alert Type",
              "fullTitle": "handling alerts Confirm Alert Type",
              "timedOut": null,
              "duration": 258,
              "state": "passed",
              "speed": "slow",
              "pass": true,
              "fail": false,
              "pending": false,
              "context": null,
              "code": "cy.on('windows:confirm', function (confirmText) {\n  return false;\n});\ncy.contains('Click for JS Confirm').click();",
              "err": {},
              "uuid": "e21d8536-9aba-405b-b8d3-6f0e51d6292c",
              "parentUUID": "e0a7c480-be40-4307-9ac0-9555c139902f",
              "isHook": false,
              "skipped": false
            }
          ],
          "suites": [],
          "passes": [
            "8936388c-9fa6-4569-9dfd-893b505080d5",
            "e21d8536-9aba-405b-b8d3-6f0e51d6292c"
          ],
          "failures": [],
          "pending": [],
          "skipped": [],
          "duration": 1204,
          "root": false,
          "rootEmpty": false,
          "_timeout": 2000
        }
      ],
      "passes": [],
      "failures": [],
      "pending": [],
      "skipped": [],
      "duration": 0,
      "root": true,
      "rootEmpty": true,
      "_timeout": 2000
    }
  ],
  "meta": {
    "mocha": {
      "version": "7.0.1"
    },
    "mochawesome": {
      "options": {
        "quiet": false,
        "reportFilename": "mochawesome",
        "saveHtml": true,
        "saveJson": true,
        "consoleReporter": "spec",
        "useInlineDiffs": false,
        "code": true
      },
      "version": "6.1.1"
    },
    "marge": {
      "options": {
        "reportDir": "cypress/report/mochaawesome-report",
        "overwrite": true,
        "html": true,
        "json": true,
        "timestamp": "mmddyyyy_HHMMss"
      },
      "version": "5.1.0"
    }
  }
}