{
  "stats": {
    "suites": 1,
    "tests": 3,
    "passes": 3,
    "pending": 0,
    "failures": 0,
    "start": "2020-10-20T18:34:31.202Z",
    "end": "2020-10-20T18:34:35.556Z",
    "duration": 4354,
    "testsRegistered": 3,
    "passPercent": 100,
    "pendingPercent": 0,
    "other": 0,
    "hasOther": false,
    "skipped": 0,
    "hasSkipped": false
  },
  "results": [
    {
      "uuid": "f0fd36f0-c164-4dd3-9674-23583f90c640",
      "title": "",
      "fullFile": "cypress/integration/examples/SamplePocTestBasic_spec.js",
      "file": "cypress/integration/examples/SamplePocTestBasic_spec.js",
      "beforeHooks": [],
      "afterHooks": [],
      "tests": [],
      "suites": [
        {
          "uuid": "4b408160-329a-4e42-873f-3c353731eeba",
          "title": "Verify User is able submit Need Authorization request",
          "fullFile": "",
          "file": "",
          "beforeHooks": [],
          "afterHooks": [],
          "tests": [
            {
              "title": "Verify Login Test ",
              "fullTitle": "Verify User is able submit Need Authorization request Verify Login Test ",
              "timedOut": null,
              "duration": 1236,
              "state": "passed",
              "speed": "slow",
              "pass": true,
              "fail": false,
              "pending": false,
              "context": null,
              "code": "cy.visit('https://www.saucedemo.com/');\ncy.get('#user-name').type('standard_user');\ncy.get('#password').type('secret_sauce');\ncy.get('#login-button').click(); // cy.get('#item_5_title_link > div').click() //also you can use class name and index name",
              "err": {},
              "uuid": "bf001477-c62b-44b5-9d45-4c52a26df255",
              "parentUUID": "4b408160-329a-4e42-873f-3c353731eeba",
              "isHook": false,
              "skipped": false
            },
            {
              "title": "Verify Login Test ",
              "fullTitle": "Verify User is able submit Need Authorization request Verify Login Test ",
              "timedOut": null,
              "duration": 825,
              "state": "passed",
              "speed": "slow",
              "pass": true,
              "fail": false,
              "pending": false,
              "context": null,
              "code": "cy.visit('https://www.saucedemo.com/');\ncy.get('#user-name').type('standard_user');\ncy.get('#password').type('secret_sauce');\ncy.get('#login-button').click(); // cy.get('#item_5_title_link > div').click() //also you can use class name and index name",
              "err": {},
              "uuid": "3aa49b08-e7ce-4254-be61-a9230ab9b908",
              "parentUUID": "4b408160-329a-4e42-873f-3c353731eeba",
              "isHook": false,
              "skipped": false
            },
            {
              "title": "Verify Dropdown",
              "fullTitle": "Verify User is able submit Need Authorization request Verify Dropdown",
              "timedOut": null,
              "duration": 586,
              "state": "passed",
              "speed": "slow",
              "pass": true,
              "fail": false,
              "pending": false,
              "context": null,
              "code": "cy.visit('https://the-internet.herokuapp.com/dropdown');\ncy.get('#dropdown').select('Option 2');",
              "err": {},
              "uuid": "22fcc9de-61a2-426e-8ff1-7bb5f691a29a",
              "parentUUID": "4b408160-329a-4e42-873f-3c353731eeba",
              "isHook": false,
              "skipped": false
            }
          ],
          "suites": [],
          "passes": [
            "bf001477-c62b-44b5-9d45-4c52a26df255",
            "3aa49b08-e7ce-4254-be61-a9230ab9b908",
            "22fcc9de-61a2-426e-8ff1-7bb5f691a29a"
          ],
          "failures": [],
          "pending": [],
          "skipped": [],
          "duration": 2647,
          "root": false,
          "rootEmpty": false,
          "_timeout": 2000
        }
      ],
      "passes": [],
      "failures": [],
      "pending": [],
      "skipped": [],
      "duration": 0,
      "root": true,
      "rootEmpty": true,
      "_timeout": 2000
    }
  ],
  "meta": {
    "mocha": {
      "version": "7.0.1"
    },
    "mochawesome": {
      "options": {
        "quiet": false,
        "reportFilename": "mochawesome",
        "saveHtml": true,
        "saveJson": true,
        "consoleReporter": "spec",
        "useInlineDiffs": false,
        "code": true
      },
      "version": "6.1.1"
    },
    "marge": {
      "options": {
        "reportDir": "cypress/report/mochaawesome-report",
        "overwrite": true,
        "html": true,
        "json": true,
        "timestamp": "mmddyyyy_HHMMss",
        "CYPRESS_CACHE_FOLDER": "~/.cache/Cypress"
      },
      "version": "5.1.0"
    }
  }
}