{
  "stats": {
    "suites": 1,
    "tests": 2,
    "passes": 2,
    "pending": 0,
    "failures": 0,
    "start": "2020-10-20T18:34:51.544Z",
    "end": "2020-10-20T18:34:53.700Z",
    "duration": 2156,
    "testsRegistered": 2,
    "passPercent": 100,
    "pendingPercent": 0,
    "other": 0,
    "hasOther": false,
    "skipped": 0,
    "hasSkipped": false
  },
  "results": [
    {
      "uuid": "f9105399-5e44-40d8-b1d7-75d770c4026a",
      "title": "",
      "fullFile": "cypress/integration/examples/alert.js",
      "file": "cypress/integration/examples/alert.js",
      "beforeHooks": [],
      "afterHooks": [],
      "tests": [],
      "suites": [
        {
          "uuid": "0eda7d08-3a61-4453-a952-c9028bf41877",
          "title": "handling alerts",
          "fullFile": "",
          "file": "",
          "beforeHooks": [],
          "afterHooks": [],
          "tests": [
            {
              "title": "Alert Type",
              "fullTitle": "handling alerts Alert Type",
              "timedOut": null,
              "duration": 714,
              "state": "passed",
              "speed": "slow",
              "pass": true,
              "fail": false,
              "pending": false,
              "context": null,
              "code": "cy.on('windows:alert', function (alertText) {\n  expect(alertText).eq('I am a JS Alert');\n});\ncy.contains('Click for JS Alert').click();",
              "err": {},
              "uuid": "683f1408-a599-47c3-a2f2-a682d15b1988",
              "parentUUID": "0eda7d08-3a61-4453-a952-c9028bf41877",
              "isHook": false,
              "skipped": false
            },
            {
              "title": "Confirm Alert Type",
              "fullTitle": "handling alerts Confirm Alert Type",
              "timedOut": null,
              "duration": 241,
              "state": "passed",
              "speed": "slow",
              "pass": true,
              "fail": false,
              "pending": false,
              "context": null,
              "code": "cy.on('windows:confirm', function (confirmText) {\n  return false;\n});\ncy.contains('Click for JS Confirm').click();",
              "err": {},
              "uuid": "d569db03-5ede-48cd-bfde-b68e68a21d18",
              "parentUUID": "0eda7d08-3a61-4453-a952-c9028bf41877",
              "isHook": false,
              "skipped": false
            }
          ],
          "suites": [],
          "passes": [
            "683f1408-a599-47c3-a2f2-a682d15b1988",
            "d569db03-5ede-48cd-bfde-b68e68a21d18"
          ],
          "failures": [],
          "pending": [],
          "skipped": [],
          "duration": 955,
          "root": false,
          "rootEmpty": false,
          "_timeout": 2000
        }
      ],
      "passes": [],
      "failures": [],
      "pending": [],
      "skipped": [],
      "duration": 0,
      "root": true,
      "rootEmpty": true,
      "_timeout": 2000
    }
  ],
  "meta": {
    "mocha": {
      "version": "7.0.1"
    },
    "mochawesome": {
      "options": {
        "quiet": false,
        "reportFilename": "mochawesome",
        "saveHtml": true,
        "saveJson": true,
        "consoleReporter": "spec",
        "useInlineDiffs": false,
        "code": true
      },
      "version": "6.1.1"
    },
    "marge": {
      "options": {
        "reportDir": "cypress/report/mochaawesome-report",
        "overwrite": true,
        "html": true,
        "json": true,
        "timestamp": "mmddyyyy_HHMMss",
        "CYPRESS_CACHE_FOLDER": "~/.cache/Cypress"
      },
      "version": "5.1.0"
    }
  }
}