{
  "stats": {
    "suites": 1,
    "tests": 2,
    "passes": 2,
    "pending": 0,
    "failures": 0,
    "start": "2020-10-20T16:49:38.474Z",
    "end": "2020-10-20T16:49:40.764Z",
    "duration": 2290,
    "testsRegistered": 2,
    "passPercent": 100,
    "pendingPercent": 0,
    "other": 0,
    "hasOther": false,
    "skipped": 0,
    "hasSkipped": false
  },
  "results": [
    {
      "uuid": "5a723f40-1b18-4d1c-9b91-11c28e172ba6",
      "title": "",
      "fullFile": "cypress/integration/examples/alert.js",
      "file": "cypress/integration/examples/alert.js",
      "beforeHooks": [],
      "afterHooks": [],
      "tests": [],
      "suites": [
        {
          "uuid": "b76c7f20-b67f-4c9c-881a-3bd7da30cd6e",
          "title": "handling alerts",
          "fullFile": "",
          "file": "",
          "beforeHooks": [],
          "afterHooks": [],
          "tests": [
            {
              "title": "Alert Type",
              "fullTitle": "handling alerts Alert Type",
              "timedOut": null,
              "duration": 804,
              "state": "passed",
              "speed": "slow",
              "pass": true,
              "fail": false,
              "pending": false,
              "context": null,
              "code": "cy.on('windows:alert', function (alertText) {\n  expect(alertText).eq('I am a JS Alert');\n});\ncy.contains('Click for JS Alert').click();",
              "err": {},
              "uuid": "d0effb85-018e-4a32-9d69-3ebf74d01abc",
              "parentUUID": "b76c7f20-b67f-4c9c-881a-3bd7da30cd6e",
              "isHook": false,
              "skipped": false
            },
            {
              "title": "Confirm Alert Type",
              "fullTitle": "handling alerts Confirm Alert Type",
              "timedOut": null,
              "duration": 278,
              "state": "passed",
              "speed": "slow",
              "pass": true,
              "fail": false,
              "pending": false,
              "context": null,
              "code": "cy.on('windows:confirm', function (confirmText) {\n  return false;\n});\ncy.contains('Click for JS Confirm').click();",
              "err": {},
              "uuid": "40191eb0-1d2e-4234-9846-cacf89cadb10",
              "parentUUID": "b76c7f20-b67f-4c9c-881a-3bd7da30cd6e",
              "isHook": false,
              "skipped": false
            }
          ],
          "suites": [],
          "passes": [
            "d0effb85-018e-4a32-9d69-3ebf74d01abc",
            "40191eb0-1d2e-4234-9846-cacf89cadb10"
          ],
          "failures": [],
          "pending": [],
          "skipped": [],
          "duration": 1082,
          "root": false,
          "rootEmpty": false,
          "_timeout": 2000
        }
      ],
      "passes": [],
      "failures": [],
      "pending": [],
      "skipped": [],
      "duration": 0,
      "root": true,
      "rootEmpty": true,
      "_timeout": 2000
    }
  ],
  "meta": {
    "mocha": {
      "version": "7.0.1"
    },
    "mochawesome": {
      "options": {
        "quiet": false,
        "reportFilename": "mochawesome",
        "saveHtml": true,
        "saveJson": true,
        "consoleReporter": "spec",
        "useInlineDiffs": false,
        "code": true
      },
      "version": "6.1.1"
    },
    "marge": {
      "options": {
        "reportDir": "cypress/report/mochaawesome-report",
        "overwrite": true,
        "html": true,
        "json": true,
        "timestamp": "mmddyyyy_HHMMss",
        "CYPRESS_CACHE_FOLDER": "~/.cache/Cypress"
      },
      "version": "5.1.0"
    }
  }
}