{
  "stats": {
    "suites": 1,
    "tests": 2,
    "passes": 2,
    "pending": 0,
    "failures": 0,
    "start": "2020-10-20T16:49:43.325Z",
    "end": "2020-10-20T16:49:47.125Z",
    "duration": 3800,
    "testsRegistered": 2,
    "passPercent": 100,
    "pendingPercent": 0,
    "other": 0,
    "hasOther": false,
    "skipped": 0,
    "hasSkipped": false
  },
  "results": [
    {
      "uuid": "30fd258c-b4a3-427f-a8bd-18ee3024c048",
      "title": "",
      "fullFile": "cypress/integration/examples/SamplePocTestBasic_spec.js",
      "file": "cypress/integration/examples/SamplePocTestBasic_spec.js",
      "beforeHooks": [],
      "afterHooks": [],
      "tests": [],
      "suites": [
        {
          "uuid": "521fb378-2e93-4a63-b100-ebda89461695",
          "title": "Verify User is able submit Need Authorization request",
          "fullFile": "",
          "file": "",
          "beforeHooks": [],
          "afterHooks": [],
          "tests": [
            {
              "title": "Verify Login Test",
              "fullTitle": "Verify User is able submit Need Authorization request Verify Login Test",
              "timedOut": null,
              "duration": 1408,
              "state": "passed",
              "speed": "slow",
              "pass": true,
              "fail": false,
              "pending": false,
              "context": null,
              "code": "cy.visit('https://www.saucedemo.com/');\ncy.get('#user-name').type('standard_user');\ncy.get('#password').type('secret_sauce');\ncy.get('#login-button').click(); // cy.get('#item_5_title_link > div').click() //also you can use class name and index name",
              "err": {},
              "uuid": "15b88216-8b8f-4da1-9b4d-4b86b039ec19",
              "parentUUID": "521fb378-2e93-4a63-b100-ebda89461695",
              "isHook": false,
              "skipped": false
            },
            {
              "title": "Verify Dropdown",
              "fullTitle": "Verify User is able submit Need Authorization request Verify Dropdown",
              "timedOut": null,
              "duration": 616,
              "state": "passed",
              "speed": "slow",
              "pass": true,
              "fail": false,
              "pending": false,
              "context": null,
              "code": "cy.visit('https://the-internet.herokuapp.com/dropdown');\ncy.get('#dropdown').select('Option 2');",
              "err": {},
              "uuid": "23ad2582-121e-4459-9295-14c721f907e9",
              "parentUUID": "521fb378-2e93-4a63-b100-ebda89461695",
              "isHook": false,
              "skipped": false
            }
          ],
          "suites": [],
          "passes": [
            "15b88216-8b8f-4da1-9b4d-4b86b039ec19",
            "23ad2582-121e-4459-9295-14c721f907e9"
          ],
          "failures": [],
          "pending": [],
          "skipped": [],
          "duration": 2024,
          "root": false,
          "rootEmpty": false,
          "_timeout": 2000
        }
      ],
      "passes": [],
      "failures": [],
      "pending": [],
      "skipped": [],
      "duration": 0,
      "root": true,
      "rootEmpty": true,
      "_timeout": 2000
    }
  ],
  "meta": {
    "mocha": {
      "version": "7.0.1"
    },
    "mochawesome": {
      "options": {
        "quiet": false,
        "reportFilename": "mochawesome",
        "saveHtml": true,
        "saveJson": true,
        "consoleReporter": "spec",
        "useInlineDiffs": false,
        "code": true
      },
      "version": "6.1.1"
    },
    "marge": {
      "options": {
        "reportDir": "cypress/report/mochaawesome-report",
        "overwrite": true,
        "html": true,
        "json": true,
        "timestamp": "mmddyyyy_HHMMss",
        "CYPRESS_CACHE_FOLDER": "~/.cache/Cypress"
      },
      "version": "5.1.0"
    }
  }
}