{
  "stats": {
    "suites": 1,
    "tests": 2,
    "passes": 2,
    "pending": 0,
    "failures": 0,
    "start": "2020-10-19T22:36:20.933Z",
    "end": "2020-10-19T22:36:26.264Z",
    "duration": 5331,
    "testsRegistered": 2,
    "passPercent": 100,
    "pendingPercent": 0,
    "other": 0,
    "hasOther": false,
    "skipped": 0,
    "hasSkipped": false
  },
  "results": [
    {
      "uuid": "c6a589af-1041-49a6-8e23-154ea4723798",
      "title": "",
      "fullFile": "cypress/integration/examples/SamplePocTestBasic_spec.js",
      "file": "cypress/integration/examples/SamplePocTestBasic_spec.js",
      "beforeHooks": [],
      "afterHooks": [],
      "tests": [],
      "suites": [
        {
          "uuid": "5961734f-f662-4ac0-9bb1-113784b8dbbb",
          "title": "Verify User is able submit Need Authorization request",
          "fullFile": "",
          "file": "",
          "beforeHooks": [],
          "afterHooks": [],
          "tests": [
            {
              "title": "Verify Login Test",
              "fullTitle": "Verify User is able submit Need Authorization request Verify Login Test",
              "timedOut": null,
              "duration": 2752,
              "state": "passed",
              "speed": "slow",
              "pass": true,
              "fail": false,
              "pending": false,
              "context": null,
              "code": "cy.visit('https://www.saucedemo.com/');\ncy.get('#user-name').type('standard_user');\ncy.get('#password').type('secret_sauce');\ncy.get('#login-button').click(); // cy.get('#item_5_title_link > div').click() //also you can use class name and index name",
              "err": {},
              "uuid": "91474a07-0dc1-4d87-8854-82552446e66a",
              "parentUUID": "5961734f-f662-4ac0-9bb1-113784b8dbbb",
              "isHook": false,
              "skipped": false
            },
            {
              "title": "Verify Dropdown",
              "fullTitle": "Verify User is able submit Need Authorization request Verify Dropdown",
              "timedOut": null,
              "duration": 595,
              "state": "passed",
              "speed": "slow",
              "pass": true,
              "fail": false,
              "pending": false,
              "context": null,
              "code": "cy.visit('https://the-internet.herokuapp.com/dropdown');\ncy.get('#dropdown').select('Option 2');",
              "err": {},
              "uuid": "ba00bd2f-09a3-47dd-a3a8-6b6fdca02f51",
              "parentUUID": "5961734f-f662-4ac0-9bb1-113784b8dbbb",
              "isHook": false,
              "skipped": false
            }
          ],
          "suites": [],
          "passes": [
            "91474a07-0dc1-4d87-8854-82552446e66a",
            "ba00bd2f-09a3-47dd-a3a8-6b6fdca02f51"
          ],
          "failures": [],
          "pending": [],
          "skipped": [],
          "duration": 3347,
          "root": false,
          "rootEmpty": false,
          "_timeout": 2000
        }
      ],
      "passes": [],
      "failures": [],
      "pending": [],
      "skipped": [],
      "duration": 0,
      "root": true,
      "rootEmpty": true,
      "_timeout": 2000
    }
  ],
  "meta": {
    "mocha": {
      "version": "7.0.1"
    },
    "mochawesome": {
      "options": {
        "quiet": false,
        "reportFilename": "mochawesome",
        "saveHtml": true,
        "saveJson": true,
        "consoleReporter": "spec",
        "useInlineDiffs": false,
        "code": true
      },
      "version": "6.1.1"
    },
    "marge": {
      "options": {
        "reportDir": "cypress/report/mochaawesome-report",
        "overwrite": true,
        "html": true,
        "json": true,
        "timestamp": "mmddyyyy_HHMMss"
      },
      "version": "5.1.0"
    }
  }
}